<?xml version="1.0" encoding="UTF-8"?>
<testng-results skipped="0" failed="0" ignored="0" total="4" passed="4">
  <reporter-output>
  </reporter-output>
  <suite name="Parallel test suite" duration-ms="11961" started-at="2021-09-16T21:08:07 IST" finished-at="2021-09-16T21:08:19 IST">
    <groups>
    </groups>
    <test name="Chrome Test" duration-ms="7970" started-at="2021-09-16T21:08:07 IST" finished-at="2021-09-16T21:08:15 IST">
      <class name="uitest.ParallelTest">
        <test-method status="PASS" signature="openBrowser(java.lang.String)[pri:0, instance:uitest.ParallelTest@1fc2b765]" name="openBrowser" is-config="true" duration-ms="4143" started-at="2021-09-16T21:08:07 IST" finished-at="2021-09-16T21:08:11 IST">
          <params>
            <param index="0">
              <value>
                <![CDATA[chrome]]>
              </value>
            </param>
          </params>
          <reporter-output>
          </reporter-output>
        </test-method> <!-- openBrowser -->
        <test-method status="PASS" signature="login_TestCase()[pri:0, instance:uitest.ParallelTest@1fc2b765]" name="login_TestCase" duration-ms="1678" started-at="2021-09-16T21:08:11 IST" finished-at="2021-09-16T21:08:13 IST">
          <reporter-output>
          </reporter-output>
        </test-method> <!-- login_TestCase -->
        <test-method status="PASS" signature="search_TestCase()[pri:0, instance:uitest.ParallelTest@1fc2b765]" name="search_TestCase" duration-ms="712" started-at="2021-09-16T21:08:13 IST" finished-at="2021-09-16T21:08:13 IST">
          <reporter-output>
          </reporter-output>
        </test-method> <!-- search_TestCase -->
        <test-method status="PASS" signature="closeBrowser()[pri:0, instance:uitest.ParallelTest@1fc2b765]" name="closeBrowser" is-config="true" duration-ms="1383" started-at="2021-09-16T21:08:13 IST" finished-at="2021-09-16T21:08:15 IST">
          <reporter-output>
          </reporter-output>
        </test-method> <!-- closeBrowser -->
      </class> <!-- uitest.ParallelTest -->
    </test> <!-- Chrome Test -->
    <test name="Firefox Test" duration-ms="11961" started-at="2021-09-16T21:08:07 IST" finished-at="2021-09-16T21:08:19 IST">
      <class name="uitest.ParallelTest">
        <test-method status="PASS" signature="openBrowser(java.lang.String)[pri:0, instance:uitest.ParallelTest@371a67ec]" name="openBrowser" is-config="true" duration-ms="7378" started-at="2021-09-16T21:08:07 IST" finished-at="2021-09-16T21:08:14 IST">
          <params>
            <param index="0">
              <value>
                <![CDATA[Firefox]]>
              </value>
            </param>
          </params>
          <reporter-output>
          </reporter-output>
        </test-method> <!-- openBrowser -->
        <test-method status="PASS" signature="login_TestCase()[pri:0, instance:uitest.ParallelTest@371a67ec]" name="login_TestCase" duration-ms="1813" started-at="2021-09-16T21:08:14 IST" finished-at="2021-09-16T21:08:16 IST">
          <reporter-output>
          </reporter-output>
        </test-method> <!-- login_TestCase -->
        <test-method status="PASS" signature="search_TestCase()[pri:0, instance:uitest.ParallelTest@371a67ec]" name="search_TestCase" duration-ms="937" started-at="2021-09-16T21:08:16 IST" finished-at="2021-09-16T21:08:17 IST">
          <reporter-output>
          </reporter-output>
        </test-method> <!-- search_TestCase -->
        <test-method status="PASS" signature="closeBrowser()[pri:0, instance:uitest.ParallelTest@371a67ec]" name="closeBrowser" is-config="true" duration-ms="1820" started-at="2021-09-16T21:08:17 IST" finished-at="2021-09-16T21:08:19 IST">
          <reporter-output>
          </reporter-output>
        </test-method> <!-- closeBrowser -->
      </class> <!-- uitest.ParallelTest -->
    </test> <!-- Firefox Test -->
  </suite> <!-- Parallel test suite -->
</testng-results>
