<?xml version="1.0" encoding="UTF-8"?>
<!-- Generated by org.testng.reporters.JUnitXMLReporter -->
<testsuite hostname="MAVLT1435" ignored="0" name="Internet Explorer Test" tests="2" failures="0" timestamp="2021-09-16T20:41:10 IST" time="0.156" errors="0">
  <testcase name="@BeforeTest openBrowser" time="0.098" classname="uitest.ParallelTest">
    <failure type="java.lang.IllegalStateException" message="The driver executable does not exist: D:\IEDriverServer.exe">
      <![CDATA[java.lang.IllegalStateException: The driver executable does not exist: D:\IEDriverServer.exe
at com.google.common.base.Preconditions.checkState(Preconditions.java:585)
at org.openqa.selenium.remote.service.DriverService.checkExecutable(DriverService.java:146)
at org.openqa.selenium.remote.service.DriverService.findExecutable(DriverService.java:141)
at org.openqa.selenium.ie.InternetExplorerDriverService.access$000(InternetExplorerDriverService.java:35)
at org.openqa.selenium.ie.InternetExplorerDriverService$Builder.findDefaultExecutable(InternetExplorerDriverService.java:175)
at org.openqa.selenium.remote.service.DriverService$Builder.build(DriverService.java:355)
at org.openqa.selenium.ie.InternetExplorerDriver.setupService(InternetExplorerDriver.java:281)
at org.openqa.selenium.ie.InternetExplorerDriver.<init>(InternetExplorerDriver.java:211)
at org.openqa.selenium.ie.InternetExplorerDriver.<init>(InternetExplorerDriver.java:150)
at uitest.ParallelTest.openBrowser(ParallelTest.java:34)
at java.util.concurrent.FutureTask.run(Unknown Source)
at java.util.concurrent.ThreadPoolExecutor.runWorker(Unknown Source)
at java.util.concurrent.ThreadPoolExecutor$Worker.run(Unknown Source)
at java.lang.Thread.run(Unknown Source)
... Removed 15 stack frames]]>
    </failure>
  </testcase> <!-- @BeforeTest openBrowser -->
  <testcase name="@AfterTest closeBrowser" time="-1.631805070204E9" classname="uitest.ParallelTest">
    <skipped/>
  </testcase> <!-- @AfterTest closeBrowser -->
  <testcase name="login_TestCase" time="0.0" classname="uitest.ParallelTest">
    <skipped/>
  </testcase> <!-- login_TestCase -->
  <testcase name="search_TestCase" time="0.0" classname="uitest.ParallelTest">
    <skipped/>
  </testcase> <!-- search_TestCase -->
</testsuite> <!-- Internet Explorer Test -->
