<?xml version="1.0" encoding="UTF-8"?>
<!-- Generated by org.testng.reporters.JUnitXMLReporter -->
<testsuite hostname="MAVLT1435" ignored="0" name="SampleTest" tests="1" failures="1" timestamp="2021-09-15T11:07:57 IST" time="0.047" errors="0">
  <testcase name="TestMethod" time="0.006" classname="uitest.LocatorsExample">
    <failure type="java.lang.NullPointerException">
      <![CDATA[java.lang.NullPointerException
at uitest.LocatorsExample.TestMethod(LocatorsExample.java:34)
at java.util.ArrayList.forEach(Unknown Source)
... Removed 27 stack frames]]>
    </failure>
  </testcase> <!-- TestMethod -->
</testsuite> <!-- SampleTest -->
